CRITICAL - 2023-03-31 00:05:57 --> Undefined variable $title
in APPPATH\Views\errors\html\error_exception.php on line 8.
 1 APPPATH\Views\errors\html\error_exception.php(8): CodeIgniter\Debug\Exceptions->errorHandler(2, 'Undefined variable $title', 'APPPATH\\Views\\errors\\html\\error_exception.php', 8)
 2 SYSTEMPATH\View\View.php(213): include('APPPATH\\Views\\errors\\html\\error_exception.php')
 3 SYSTEMPATH\View\View.php(216): CodeIgniter\View\View->CodeIgniter\View\{closure}()
 4 SYSTEMPATH\Common.php(1135): CodeIgniter\View\View->render('errors/html/error_exception', [], true)
 5 APPPATH\Controllers\Fungsi.php(122): view('errors/html/error_exception')
 6 APPPATH\Controllers\Fungsi.php(728): App\Controllers\logs(Object(ErrorException), 0)
 7 SYSTEMPATH\CodeIgniter.php(896): App\Controllers\Fungsi->editProduk()
 8 SYSTEMPATH\CodeIgniter.php(466): CodeIgniter\CodeIgniter->runController(Object(App\Controllers\Fungsi))
 9 SYSTEMPATH\CodeIgniter.php(349): CodeIgniter\CodeIgniter->handleRequest(null, Object(Config\Cache), false)
10 FCPATH\index.php(55): CodeIgniter\CodeIgniter->run()
11 SYSTEMPATH\Commands\Server\rewrite.php(43): require_once('FCPATH\\index.php')
CRITICAL - 2023-03-31 00:09:10 --> Undefined variable $title
in APPPATH\Views\errors\html\error_exception.php on line 8.
 1 APPPATH\Views\errors\html\error_exception.php(8): CodeIgniter\Debug\Exceptions->errorHandler(2, 'Undefined variable $title', 'APPPATH\\Views\\errors\\html\\error_exception.php', 8)
 2 SYSTEMPATH\View\View.php(213): include('APPPATH\\Views\\errors\\html\\error_exception.php')
 3 SYSTEMPATH\View\View.php(216): CodeIgniter\View\View->CodeIgniter\View\{closure}()
 4 SYSTEMPATH\Common.php(1135): CodeIgniter\View\View->render('errors/html/error_exception', [], true)
 5 APPPATH\Controllers\Fungsi.php(122): view('errors/html/error_exception')
 6 APPPATH\Controllers\Fungsi.php(710): App\Controllers\logs(Object(ErrorException), 0)
 7 SYSTEMPATH\CodeIgniter.php(896): App\Controllers\Fungsi->editProduk()
 8 SYSTEMPATH\CodeIgniter.php(466): CodeIgniter\CodeIgniter->runController(Object(App\Controllers\Fungsi))
 9 SYSTEMPATH\CodeIgniter.php(349): CodeIgniter\CodeIgniter->handleRequest(null, Object(Config\Cache), false)
10 FCPATH\index.php(55): CodeIgniter\CodeIgniter->run()
11 SYSTEMPATH\Commands\Server\rewrite.php(43): require_once('FCPATH\\index.php')
CRITICAL - 2023-03-31 00:56:48 --> Undefined variable $title
in APPPATH\Views\errors\html\error_exception.php on line 8.
 1 APPPATH\Views\errors\html\error_exception.php(8): CodeIgniter\Debug\Exceptions->errorHandler(2, 'Undefined variable $title', 'APPPATH\\Views\\errors\\html\\error_exception.php', 8)
 2 SYSTEMPATH\View\View.php(213): include('APPPATH\\Views\\errors\\html\\error_exception.php')
 3 SYSTEMPATH\View\View.php(216): CodeIgniter\View\View->CodeIgniter\View\{closure}()
 4 SYSTEMPATH\Common.php(1135): CodeIgniter\View\View->render('errors/html/error_exception', [], true)
 5 APPPATH\Controllers\Fungsi.php(122): view('errors/html/error_exception')
 6 APPPATH\Controllers\Fungsi.php(712): App\Controllers\logs(Object(Error), 0)
 7 SYSTEMPATH\CodeIgniter.php(896): App\Controllers\Fungsi->editProduk()
 8 SYSTEMPATH\CodeIgniter.php(466): CodeIgniter\CodeIgniter->runController(Object(App\Controllers\Fungsi))
 9 SYSTEMPATH\CodeIgniter.php(349): CodeIgniter\CodeIgniter->handleRequest(null, Object(Config\Cache), false)
10 FCPATH\index.php(55): CodeIgniter\CodeIgniter->run()
11 SYSTEMPATH\Commands\Server\rewrite.php(43): require_once('FCPATH\\index.php')
CRITICAL - 2023-03-31 00:57:47 --> Undefined variable $title
in APPPATH\Views\errors\html\error_exception.php on line 8.
 1 APPPATH\Views\errors\html\error_exception.php(8): CodeIgniter\Debug\Exceptions->errorHandler(2, 'Undefined variable $title', 'APPPATH\\Views\\errors\\html\\error_exception.php', 8)
 2 SYSTEMPATH\View\View.php(213): include('APPPATH\\Views\\errors\\html\\error_exception.php')
 3 SYSTEMPATH\View\View.php(216): CodeIgniter\View\View->CodeIgniter\View\{closure}()
 4 SYSTEMPATH\Common.php(1135): CodeIgniter\View\View->render('errors/html/error_exception', [], true)
 5 APPPATH\Controllers\Fungsi.php(122): view('errors/html/error_exception')
 6 APPPATH\Controllers\Fungsi.php(712): App\Controllers\logs(Object(ArgumentCountError), 0)
 7 SYSTEMPATH\CodeIgniter.php(896): App\Controllers\Fungsi->editProduk()
 8 SYSTEMPATH\CodeIgniter.php(466): CodeIgniter\CodeIgniter->runController(Object(App\Controllers\Fungsi))
 9 SYSTEMPATH\CodeIgniter.php(349): CodeIgniter\CodeIgniter->handleRequest(null, Object(Config\Cache), false)
10 FCPATH\index.php(55): CodeIgniter\CodeIgniter->run()
11 SYSTEMPATH\Commands\Server\rewrite.php(43): require_once('FCPATH\\index.php')
CRITICAL - 2023-03-31 01:07:16 --> Undefined variable $title
in APPPATH\Views\errors\html\error_exception.php on line 8.
 1 APPPATH\Views\errors\html\error_exception.php(8): CodeIgniter\Debug\Exceptions->errorHandler(2, 'Undefined variable $title', 'APPPATH\\Views\\errors\\html\\error_exception.php', 8)
 2 SYSTEMPATH\View\View.php(213): include('APPPATH\\Views\\errors\\html\\error_exception.php')
 3 SYSTEMPATH\View\View.php(216): CodeIgniter\View\View->CodeIgniter\View\{closure}()
 4 SYSTEMPATH\Common.php(1135): CodeIgniter\View\View->render('errors/html/error_exception', [], true)
 5 APPPATH\Controllers\Page.php(75): view('errors/html/error_exception')
 6 APPPATH\Controllers\Page.php(297): App\Controllers\logsm(Object(ErrorException))
 7 SYSTEMPATH\CodeIgniter.php(896): App\Controllers\Page->produk()
 8 SYSTEMPATH\CodeIgniter.php(466): CodeIgniter\CodeIgniter->runController(Object(App\Controllers\Page))
 9 SYSTEMPATH\CodeIgniter.php(349): CodeIgniter\CodeIgniter->handleRequest(null, Object(Config\Cache), false)
10 FCPATH\index.php(55): CodeIgniter\CodeIgniter->run()
11 SYSTEMPATH\Commands\Server\rewrite.php(43): require_once('FCPATH\\index.php')
CRITICAL - 2023-03-31 01:07:28 --> Undefined variable $title
in APPPATH\Views\errors\html\error_exception.php on line 8.
 1 APPPATH\Views\errors\html\error_exception.php(8): CodeIgniter\Debug\Exceptions->errorHandler(2, 'Undefined variable $title', 'APPPATH\\Views\\errors\\html\\error_exception.php', 8)
 2 SYSTEMPATH\View\View.php(213): include('APPPATH\\Views\\errors\\html\\error_exception.php')
 3 SYSTEMPATH\View\View.php(216): CodeIgniter\View\View->CodeIgniter\View\{closure}()
 4 SYSTEMPATH\Common.php(1135): CodeIgniter\View\View->render('errors/html/error_exception', [], true)
 5 APPPATH\Controllers\Page.php(75): view('errors/html/error_exception')
 6 APPPATH\Controllers\Page.php(297): App\Controllers\logsm(Object(ErrorException))
 7 SYSTEMPATH\CodeIgniter.php(896): App\Controllers\Page->produk()
 8 SYSTEMPATH\CodeIgniter.php(466): CodeIgniter\CodeIgniter->runController(Object(App\Controllers\Page))
 9 SYSTEMPATH\CodeIgniter.php(349): CodeIgniter\CodeIgniter->handleRequest(null, Object(Config\Cache), false)
10 FCPATH\index.php(55): CodeIgniter\CodeIgniter->run()
11 SYSTEMPATH\Commands\Server\rewrite.php(43): require_once('FCPATH\\index.php')
CRITICAL - 2023-03-31 01:09:29 --> Undefined variable $title
in APPPATH\Views\errors\html\error_exception.php on line 8.
 1 APPPATH\Views\errors\html\error_exception.php(8): CodeIgniter\Debug\Exceptions->errorHandler(2, 'Undefined variable $title', 'APPPATH\\Views\\errors\\html\\error_exception.php', 8)
 2 SYSTEMPATH\View\View.php(213): include('APPPATH\\Views\\errors\\html\\error_exception.php')
 3 SYSTEMPATH\View\View.php(216): CodeIgniter\View\View->CodeIgniter\View\{closure}()
 4 SYSTEMPATH\Common.php(1135): CodeIgniter\View\View->render('errors/html/error_exception', [], true)
 5 APPPATH\Controllers\Page.php(75): view('errors/html/error_exception')
 6 APPPATH\Controllers\Page.php(297): App\Controllers\logsm(Object(ErrorException))
 7 SYSTEMPATH\CodeIgniter.php(896): App\Controllers\Page->produk()
 8 SYSTEMPATH\CodeIgniter.php(466): CodeIgniter\CodeIgniter->runController(Object(App\Controllers\Page))
 9 SYSTEMPATH\CodeIgniter.php(349): CodeIgniter\CodeIgniter->handleRequest(null, Object(Config\Cache), false)
10 FCPATH\index.php(55): CodeIgniter\CodeIgniter->run()
11 SYSTEMPATH\Commands\Server\rewrite.php(43): require_once('FCPATH\\index.php')
CRITICAL - 2023-03-31 01:11:50 --> Undefined variable $title
in APPPATH\Views\errors\html\error_exception.php on line 8.
 1 APPPATH\Views\errors\html\error_exception.php(8): CodeIgniter\Debug\Exceptions->errorHandler(2, 'Undefined variable $title', 'APPPATH\\Views\\errors\\html\\error_exception.php', 8)
 2 SYSTEMPATH\View\View.php(213): include('APPPATH\\Views\\errors\\html\\error_exception.php')
 3 SYSTEMPATH\View\View.php(216): CodeIgniter\View\View->CodeIgniter\View\{closure}()
 4 SYSTEMPATH\Common.php(1135): CodeIgniter\View\View->render('errors/html/error_exception', [], true)
 5 APPPATH\Controllers\Page.php(75): view('errors/html/error_exception')
 6 APPPATH\Controllers\Page.php(300): App\Controllers\logsm(Object(DivisionByZeroError))
 7 SYSTEMPATH\CodeIgniter.php(896): App\Controllers\Page->produk()
 8 SYSTEMPATH\CodeIgniter.php(466): CodeIgniter\CodeIgniter->runController(Object(App\Controllers\Page))
 9 SYSTEMPATH\CodeIgniter.php(349): CodeIgniter\CodeIgniter->handleRequest(null, Object(Config\Cache), false)
10 FCPATH\index.php(55): CodeIgniter\CodeIgniter->run()
11 SYSTEMPATH\Commands\Server\rewrite.php(43): require_once('FCPATH\\index.php')
CRITICAL - 2023-03-31 01:12:30 --> Undefined variable $title
in APPPATH\Views\errors\html\error_exception.php on line 8.
 1 APPPATH\Views\errors\html\error_exception.php(8): CodeIgniter\Debug\Exceptions->errorHandler(2, 'Undefined variable $title', 'APPPATH\\Views\\errors\\html\\error_exception.php', 8)
 2 SYSTEMPATH\View\View.php(213): include('APPPATH\\Views\\errors\\html\\error_exception.php')
 3 SYSTEMPATH\View\View.php(216): CodeIgniter\View\View->CodeIgniter\View\{closure}()
 4 SYSTEMPATH\Common.php(1135): CodeIgniter\View\View->render('errors/html/error_exception', [], true)
 5 APPPATH\Controllers\Page.php(75): view('errors/html/error_exception')
 6 APPPATH\Controllers\Page.php(300): App\Controllers\logsm(Object(ErrorException))
 7 SYSTEMPATH\CodeIgniter.php(896): App\Controllers\Page->produk()
 8 SYSTEMPATH\CodeIgniter.php(466): CodeIgniter\CodeIgniter->runController(Object(App\Controllers\Page))
 9 SYSTEMPATH\CodeIgniter.php(349): CodeIgniter\CodeIgniter->handleRequest(null, Object(Config\Cache), false)
10 FCPATH\index.php(55): CodeIgniter\CodeIgniter->run()
11 SYSTEMPATH\Commands\Server\rewrite.php(43): require_once('FCPATH\\index.php')
CRITICAL - 2023-03-31 01:12:36 --> Undefined variable $title
in APPPATH\Views\errors\html\error_exception.php on line 8.
 1 APPPATH\Views\errors\html\error_exception.php(8): CodeIgniter\Debug\Exceptions->errorHandler(2, 'Undefined variable $title', 'APPPATH\\Views\\errors\\html\\error_exception.php', 8)
 2 SYSTEMPATH\View\View.php(213): include('APPPATH\\Views\\errors\\html\\error_exception.php')
 3 SYSTEMPATH\View\View.php(216): CodeIgniter\View\View->CodeIgniter\View\{closure}()
 4 SYSTEMPATH\Common.php(1135): CodeIgniter\View\View->render('errors/html/error_exception', [], true)
 5 APPPATH\Controllers\Page.php(75): view('errors/html/error_exception')
 6 APPPATH\Controllers\Page.php(300): App\Controllers\logsm(Object(ErrorException))
 7 SYSTEMPATH\CodeIgniter.php(896): App\Controllers\Page->produk()
 8 SYSTEMPATH\CodeIgniter.php(466): CodeIgniter\CodeIgniter->runController(Object(App\Controllers\Page))
 9 SYSTEMPATH\CodeIgniter.php(349): CodeIgniter\CodeIgniter->handleRequest(null, Object(Config\Cache), false)
10 FCPATH\index.php(55): CodeIgniter\CodeIgniter->run()
11 SYSTEMPATH\Commands\Server\rewrite.php(43): require_once('FCPATH\\index.php')
CRITICAL - 2023-03-31 01:12:50 --> Undefined variable $title
in APPPATH\Views\errors\html\error_exception.php on line 8.
 1 APPPATH\Views\errors\html\error_exception.php(8): CodeIgniter\Debug\Exceptions->errorHandler(2, 'Undefined variable $title', 'APPPATH\\Views\\errors\\html\\error_exception.php', 8)
 2 SYSTEMPATH\View\View.php(213): include('APPPATH\\Views\\errors\\html\\error_exception.php')
 3 SYSTEMPATH\View\View.php(216): CodeIgniter\View\View->CodeIgniter\View\{closure}()
 4 SYSTEMPATH\Common.php(1135): CodeIgniter\View\View->render('errors/html/error_exception', [], true)
 5 APPPATH\Controllers\Page.php(75): view('errors/html/error_exception')
 6 APPPATH\Controllers\Page.php(300): App\Controllers\logsm(Object(ErrorException))
 7 SYSTEMPATH\CodeIgniter.php(896): App\Controllers\Page->produk()
 8 SYSTEMPATH\CodeIgniter.php(466): CodeIgniter\CodeIgniter->runController(Object(App\Controllers\Page))
 9 SYSTEMPATH\CodeIgniter.php(349): CodeIgniter\CodeIgniter->handleRequest(null, Object(Config\Cache), false)
10 FCPATH\index.php(55): CodeIgniter\CodeIgniter->run()
11 SYSTEMPATH\Commands\Server\rewrite.php(43): require_once('FCPATH\\index.php')
CRITICAL - 2023-03-31 01:17:32 --> Undefined variable $title
in APPPATH\Views\errors\html\error_exception.php on line 8.
 1 APPPATH\Views\errors\html\error_exception.php(8): CodeIgniter\Debug\Exceptions->errorHandler(2, 'Undefined variable $title', 'APPPATH\\Views\\errors\\html\\error_exception.php', 8)
 2 SYSTEMPATH\View\View.php(213): include('APPPATH\\Views\\errors\\html\\error_exception.php')
 3 SYSTEMPATH\View\View.php(216): CodeIgniter\View\View->CodeIgniter\View\{closure}()
 4 SYSTEMPATH\Common.php(1135): CodeIgniter\View\View->render('errors/html/error_exception', [], true)
 5 APPPATH\Controllers\Page.php(75): view('errors/html/error_exception')
 6 APPPATH\Controllers\Page.php(298): App\Controllers\logsm(Object(TypeError))
 7 SYSTEMPATH\CodeIgniter.php(896): App\Controllers\Page->produk()
 8 SYSTEMPATH\CodeIgniter.php(466): CodeIgniter\CodeIgniter->runController(Object(App\Controllers\Page))
 9 SYSTEMPATH\CodeIgniter.php(349): CodeIgniter\CodeIgniter->handleRequest(null, Object(Config\Cache), false)
10 FCPATH\index.php(55): CodeIgniter\CodeIgniter->run()
11 SYSTEMPATH\Commands\Server\rewrite.php(43): require_once('FCPATH\\index.php')
CRITICAL - 2023-03-31 01:17:55 --> Undefined variable $title
in APPPATH\Views\errors\html\error_exception.php on line 8.
 1 APPPATH\Views\errors\html\error_exception.php(8): CodeIgniter\Debug\Exceptions->errorHandler(2, 'Undefined variable $title', 'APPPATH\\Views\\errors\\html\\error_exception.php', 8)
 2 SYSTEMPATH\View\View.php(213): include('APPPATH\\Views\\errors\\html\\error_exception.php')
 3 SYSTEMPATH\View\View.php(216): CodeIgniter\View\View->CodeIgniter\View\{closure}()
 4 SYSTEMPATH\Common.php(1135): CodeIgniter\View\View->render('errors/html/error_exception', [], true)
 5 APPPATH\Controllers\Page.php(75): view('errors/html/error_exception')
 6 APPPATH\Controllers\Page.php(298): App\Controllers\logsm(Object(ErrorException))
 7 SYSTEMPATH\CodeIgniter.php(896): App\Controllers\Page->produk()
 8 SYSTEMPATH\CodeIgniter.php(466): CodeIgniter\CodeIgniter->runController(Object(App\Controllers\Page))
 9 SYSTEMPATH\CodeIgniter.php(349): CodeIgniter\CodeIgniter->handleRequest(null, Object(Config\Cache), false)
10 FCPATH\index.php(55): CodeIgniter\CodeIgniter->run()
11 SYSTEMPATH\Commands\Server\rewrite.php(43): require_once('FCPATH\\index.php')
CRITICAL - 2023-03-31 01:18:16 --> Undefined variable $title
in APPPATH\Views\errors\html\error_exception.php on line 8.
 1 APPPATH\Views\errors\html\error_exception.php(8): CodeIgniter\Debug\Exceptions->errorHandler(2, 'Undefined variable $title', 'APPPATH\\Views\\errors\\html\\error_exception.php', 8)
 2 SYSTEMPATH\View\View.php(213): include('APPPATH\\Views\\errors\\html\\error_exception.php')
 3 SYSTEMPATH\View\View.php(216): CodeIgniter\View\View->CodeIgniter\View\{closure}()
 4 SYSTEMPATH\Common.php(1135): CodeIgniter\View\View->render('errors/html/error_exception', [], true)
 5 APPPATH\Controllers\Page.php(75): view('errors/html/error_exception')
 6 APPPATH\Controllers\Page.php(298): App\Controllers\logsm(Object(DivisionByZeroError))
 7 SYSTEMPATH\CodeIgniter.php(896): App\Controllers\Page->produk()
 8 SYSTEMPATH\CodeIgniter.php(466): CodeIgniter\CodeIgniter->runController(Object(App\Controllers\Page))
 9 SYSTEMPATH\CodeIgniter.php(349): CodeIgniter\CodeIgniter->handleRequest(null, Object(Config\Cache), false)
10 FCPATH\index.php(55): CodeIgniter\CodeIgniter->run()
11 SYSTEMPATH\Commands\Server\rewrite.php(43): require_once('FCPATH\\index.php')
CRITICAL - 2023-03-31 01:18:30 --> Undefined variable $title
in APPPATH\Views\errors\html\error_exception.php on line 8.
 1 APPPATH\Views\errors\html\error_exception.php(8): CodeIgniter\Debug\Exceptions->errorHandler(2, 'Undefined variable $title', 'APPPATH\\Views\\errors\\html\\error_exception.php', 8)
 2 SYSTEMPATH\View\View.php(213): include('APPPATH\\Views\\errors\\html\\error_exception.php')
 3 SYSTEMPATH\View\View.php(216): CodeIgniter\View\View->CodeIgniter\View\{closure}()
 4 SYSTEMPATH\Common.php(1135): CodeIgniter\View\View->render('errors/html/error_exception', [], true)
 5 APPPATH\Controllers\Page.php(75): view('errors/html/error_exception')
 6 APPPATH\Controllers\Page.php(298): App\Controllers\logsm(Object(ErrorException))
 7 SYSTEMPATH\CodeIgniter.php(896): App\Controllers\Page->produk()
 8 SYSTEMPATH\CodeIgniter.php(466): CodeIgniter\CodeIgniter->runController(Object(App\Controllers\Page))
 9 SYSTEMPATH\CodeIgniter.php(349): CodeIgniter\CodeIgniter->handleRequest(null, Object(Config\Cache), false)
10 FCPATH\index.php(55): CodeIgniter\CodeIgniter->run()
11 SYSTEMPATH\Commands\Server\rewrite.php(43): require_once('FCPATH\\index.php')
CRITICAL - 2023-03-31 01:24:58 --> Undefined variable $title
in APPPATH\Views\errors\html\error_exception.php on line 8.
 1 APPPATH\Views\errors\html\error_exception.php(8): CodeIgniter\Debug\Exceptions->errorHandler(2, 'Undefined variable $title', 'APPPATH\\Views\\errors\\html\\error_exception.php', 8)
 2 SYSTEMPATH\View\View.php(213): include('APPPATH\\Views\\errors\\html\\error_exception.php')
 3 SYSTEMPATH\View\View.php(216): CodeIgniter\View\View->CodeIgniter\View\{closure}()
 4 SYSTEMPATH\Common.php(1135): CodeIgniter\View\View->render('errors/html/error_exception', [], true)
 5 APPPATH\Controllers\Page.php(75): view('errors/html/error_exception')
 6 APPPATH\Controllers\Page.php(298): App\Controllers\logsm(Object(DivisionByZeroError))
 7 SYSTEMPATH\CodeIgniter.php(896): App\Controllers\Page->produk()
 8 SYSTEMPATH\CodeIgniter.php(466): CodeIgniter\CodeIgniter->runController(Object(App\Controllers\Page))
 9 SYSTEMPATH\CodeIgniter.php(349): CodeIgniter\CodeIgniter->handleRequest(null, Object(Config\Cache), false)
10 FCPATH\index.php(55): CodeIgniter\CodeIgniter->run()
11 SYSTEMPATH\Commands\Server\rewrite.php(43): require_once('FCPATH\\index.php')
CRITICAL - 2023-03-31 01:25:09 --> Undefined variable $title
in APPPATH\Views\errors\html\error_exception.php on line 8.
 1 APPPATH\Views\errors\html\error_exception.php(8): CodeIgniter\Debug\Exceptions->errorHandler(2, 'Undefined variable $title', 'APPPATH\\Views\\errors\\html\\error_exception.php', 8)
 2 SYSTEMPATH\View\View.php(213): include('APPPATH\\Views\\errors\\html\\error_exception.php')
 3 SYSTEMPATH\View\View.php(216): CodeIgniter\View\View->CodeIgniter\View\{closure}()
 4 SYSTEMPATH\Common.php(1135): CodeIgniter\View\View->render('errors/html/error_exception', [], true)
 5 APPPATH\Controllers\Page.php(75): view('errors/html/error_exception')
 6 APPPATH\Controllers\Page.php(298): App\Controllers\logsm(Object(DivisionByZeroError))
 7 SYSTEMPATH\CodeIgniter.php(896): App\Controllers\Page->produk()
 8 SYSTEMPATH\CodeIgniter.php(466): CodeIgniter\CodeIgniter->runController(Object(App\Controllers\Page))
 9 SYSTEMPATH\CodeIgniter.php(349): CodeIgniter\CodeIgniter->handleRequest(null, Object(Config\Cache), false)
10 FCPATH\index.php(55): CodeIgniter\CodeIgniter->run()
11 SYSTEMPATH\Commands\Server\rewrite.php(43): require_once('FCPATH\\index.php')
CRITICAL - 2023-03-31 01:25:44 --> Undefined variable $title
in APPPATH\Views\errors\html\error_exception.php on line 8.
 1 APPPATH\Views\errors\html\error_exception.php(8): CodeIgniter\Debug\Exceptions->errorHandler(2, 'Undefined variable $title', 'APPPATH\\Views\\errors\\html\\error_exception.php', 8)
 2 SYSTEMPATH\View\View.php(213): include('APPPATH\\Views\\errors\\html\\error_exception.php')
 3 SYSTEMPATH\View\View.php(216): CodeIgniter\View\View->CodeIgniter\View\{closure}()
 4 SYSTEMPATH\Common.php(1135): CodeIgniter\View\View->render('errors/html/error_exception', [], true)
 5 APPPATH\Controllers\Page.php(75): view('errors/html/error_exception')
 6 APPPATH\Controllers\Page.php(298): App\Controllers\logsm(Object(DivisionByZeroError))
 7 SYSTEMPATH\CodeIgniter.php(896): App\Controllers\Page->produk()
 8 SYSTEMPATH\CodeIgniter.php(466): CodeIgniter\CodeIgniter->runController(Object(App\Controllers\Page))
 9 SYSTEMPATH\CodeIgniter.php(349): CodeIgniter\CodeIgniter->handleRequest(null, Object(Config\Cache), false)
10 FCPATH\index.php(55): CodeIgniter\CodeIgniter->run()
11 SYSTEMPATH\Commands\Server\rewrite.php(43): require_once('FCPATH\\index.php')
CRITICAL - 2023-03-31 01:33:53 --> Undefined variable $title
in APPPATH\Views\errors\html\error_exception.php on line 8.
 1 APPPATH\Views\errors\html\error_exception.php(8): CodeIgniter\Debug\Exceptions->errorHandler(2, 'Undefined variable $title', 'APPPATH\\Views\\errors\\html\\error_exception.php', 8)
 2 SYSTEMPATH\View\View.php(213): include('APPPATH\\Views\\errors\\html\\error_exception.php')
 3 SYSTEMPATH\View\View.php(216): CodeIgniter\View\View->CodeIgniter\View\{closure}()
 4 SYSTEMPATH\Common.php(1135): CodeIgniter\View\View->render('errors/html/error_exception', [], true)
 5 APPPATH\Controllers\Page.php(75): view('errors/html/error_exception')
 6 APPPATH\Controllers\Page.php(305): App\Controllers\logsm(Object(ErrorException))
 7 SYSTEMPATH\CodeIgniter.php(896): App\Controllers\Page->produk()
 8 SYSTEMPATH\CodeIgniter.php(466): CodeIgniter\CodeIgniter->runController(Object(App\Controllers\Page))
 9 SYSTEMPATH\CodeIgniter.php(349): CodeIgniter\CodeIgniter->handleRequest(null, Object(Config\Cache), false)
10 FCPATH\index.php(55): CodeIgniter\CodeIgniter->run()
11 SYSTEMPATH\Commands\Server\rewrite.php(43): require_once('FCPATH\\index.php')
CRITICAL - 2023-03-31 01:36:00 --> Undefined variable $title
in APPPATH\Views\errors\html\error_exception.php on line 8.
 1 APPPATH\Views\errors\html\error_exception.php(8): CodeIgniter\Debug\Exceptions->errorHandler(2, 'Undefined variable $title', 'APPPATH\\Views\\errors\\html\\error_exception.php', 8)
 2 SYSTEMPATH\View\View.php(213): include('APPPATH\\Views\\errors\\html\\error_exception.php')
 3 SYSTEMPATH\View\View.php(216): CodeIgniter\View\View->CodeIgniter\View\{closure}()
 4 SYSTEMPATH\Common.php(1135): CodeIgniter\View\View->render('errors/html/error_exception', [], true)
 5 APPPATH\Controllers\Page.php(75): view('errors/html/error_exception')
 6 APPPATH\Controllers\Page.php(298): App\Controllers\logsm(Object(DivisionByZeroError))
 7 SYSTEMPATH\CodeIgniter.php(896): App\Controllers\Page->produk()
 8 SYSTEMPATH\CodeIgniter.php(466): CodeIgniter\CodeIgniter->runController(Object(App\Controllers\Page))
 9 SYSTEMPATH\CodeIgniter.php(349): CodeIgniter\CodeIgniter->handleRequest(null, Object(Config\Cache), false)
10 FCPATH\index.php(55): CodeIgniter\CodeIgniter->run()
11 SYSTEMPATH\Commands\Server\rewrite.php(43): require_once('FCPATH\\index.php')
CRITICAL - 2023-03-31 01:36:10 --> Undefined variable $title
in APPPATH\Views\errors\html\error_exception.php on line 8.
 1 APPPATH\Views\errors\html\error_exception.php(8): CodeIgniter\Debug\Exceptions->errorHandler(2, 'Undefined variable $title', 'APPPATH\\Views\\errors\\html\\error_exception.php', 8)
 2 SYSTEMPATH\View\View.php(213): include('APPPATH\\Views\\errors\\html\\error_exception.php')
 3 SYSTEMPATH\View\View.php(216): CodeIgniter\View\View->CodeIgniter\View\{closure}()
 4 SYSTEMPATH\Common.php(1135): CodeIgniter\View\View->render('errors/html/error_exception', [], true)
 5 APPPATH\Controllers\Page.php(75): view('errors/html/error_exception')
 6 APPPATH\Controllers\Page.php(298): App\Controllers\logsm(Object(DivisionByZeroError))
 7 SYSTEMPATH\CodeIgniter.php(896): App\Controllers\Page->produk()
 8 SYSTEMPATH\CodeIgniter.php(466): CodeIgniter\CodeIgniter->runController(Object(App\Controllers\Page))
 9 SYSTEMPATH\CodeIgniter.php(349): CodeIgniter\CodeIgniter->handleRequest(null, Object(Config\Cache), false)
10 FCPATH\index.php(55): CodeIgniter\CodeIgniter->run()
11 SYSTEMPATH\Commands\Server\rewrite.php(43): require_once('FCPATH\\index.php')
CRITICAL - 2023-03-31 01:36:52 --> Undefined variable $title
in APPPATH\Views\errors\html\error_exception.php on line 8.
 1 APPPATH\Views\errors\html\error_exception.php(8): CodeIgniter\Debug\Exceptions->errorHandler(2, 'Undefined variable $title', 'APPPATH\\Views\\errors\\html\\error_exception.php', 8)
 2 SYSTEMPATH\View\View.php(213): include('APPPATH\\Views\\errors\\html\\error_exception.php')
 3 SYSTEMPATH\View\View.php(216): CodeIgniter\View\View->CodeIgniter\View\{closure}()
 4 SYSTEMPATH\Common.php(1135): CodeIgniter\View\View->render('errors/html/error_exception', [], true)
 5 APPPATH\Controllers\Page.php(75): view('errors/html/error_exception')
 6 APPPATH\Controllers\Page.php(298): App\Controllers\logsm(Object(ArgumentCountError))
 7 SYSTEMPATH\CodeIgniter.php(896): App\Controllers\Page->produk()
 8 SYSTEMPATH\CodeIgniter.php(466): CodeIgniter\CodeIgniter->runController(Object(App\Controllers\Page))
 9 SYSTEMPATH\CodeIgniter.php(349): CodeIgniter\CodeIgniter->handleRequest(null, Object(Config\Cache), false)
10 FCPATH\index.php(55): CodeIgniter\CodeIgniter->run()
11 SYSTEMPATH\Commands\Server\rewrite.php(43): require_once('FCPATH\\index.php')
CRITICAL - 2023-03-31 01:37:17 --> Undefined variable $title
in APPPATH\Views\errors\html\error_exception.php on line 8.
 1 APPPATH\Views\errors\html\error_exception.php(8): CodeIgniter\Debug\Exceptions->errorHandler(2, 'Undefined variable $title', 'APPPATH\\Views\\errors\\html\\error_exception.php', 8)
 2 SYSTEMPATH\View\View.php(213): include('APPPATH\\Views\\errors\\html\\error_exception.php')
 3 SYSTEMPATH\View\View.php(216): CodeIgniter\View\View->CodeIgniter\View\{closure}()
 4 SYSTEMPATH\Common.php(1135): CodeIgniter\View\View->render('errors/html/error_exception', [], true)
 5 APPPATH\Controllers\Page.php(75): view('errors/html/error_exception')
 6 APPPATH\Controllers\Page.php(298): App\Controllers\logsm(Object(DivisionByZeroError))
 7 SYSTEMPATH\CodeIgniter.php(896): App\Controllers\Page->produk()
 8 SYSTEMPATH\CodeIgniter.php(466): CodeIgniter\CodeIgniter->runController(Object(App\Controllers\Page))
 9 SYSTEMPATH\CodeIgniter.php(349): CodeIgniter\CodeIgniter->handleRequest(null, Object(Config\Cache), false)
10 FCPATH\index.php(55): CodeIgniter\CodeIgniter->run()
11 SYSTEMPATH\Commands\Server\rewrite.php(43): require_once('FCPATH\\index.php')
CRITICAL - 2023-03-31 01:38:21 --> Undefined variable $title
in APPPATH\Views\errors\html\error_exception.php on line 8.
 1 APPPATH\Views\errors\html\error_exception.php(8): CodeIgniter\Debug\Exceptions->errorHandler(2, 'Undefined variable $title', 'APPPATH\\Views\\errors\\html\\error_exception.php', 8)
 2 SYSTEMPATH\View\View.php(213): include('APPPATH\\Views\\errors\\html\\error_exception.php')
 3 SYSTEMPATH\View\View.php(216): CodeIgniter\View\View->CodeIgniter\View\{closure}()
 4 SYSTEMPATH\Common.php(1135): CodeIgniter\View\View->render('errors/html/error_exception', [], true)
 5 APPPATH\Controllers\Page.php(75): view('errors/html/error_exception')
 6 APPPATH\Controllers\Page.php(298): App\Controllers\logsm(Object(ErrorException))
 7 SYSTEMPATH\CodeIgniter.php(896): App\Controllers\Page->produk()
 8 SYSTEMPATH\CodeIgniter.php(466): CodeIgniter\CodeIgniter->runController(Object(App\Controllers\Page))
 9 SYSTEMPATH\CodeIgniter.php(349): CodeIgniter\CodeIgniter->handleRequest(null, Object(Config\Cache), false)
10 FCPATH\index.php(55): CodeIgniter\CodeIgniter->run()
11 SYSTEMPATH\Commands\Server\rewrite.php(43): require_once('FCPATH\\index.php')
