CRITICAL - 2023-03-24 10:02:19 --> Undefined variable $title
in APPPATH\Views\errors\html\error_exception.php on line 8.
 1 APPPATH\Views\errors\html\error_exception.php(8): CodeIgniter\Debug\Exceptions->errorHandler(2, 'Undefined variable $title', 'APPPATH\\Views\\errors\\html\\error_exception.php', 8)
 2 SYSTEMPATH\View\View.php(213): include('APPPATH\\Views\\errors\\html\\error_exception.php')
 3 SYSTEMPATH\View\View.php(216): CodeIgniter\View\View->CodeIgniter\View\{closure}()
 4 SYSTEMPATH\Common.php(1135): CodeIgniter\View\View->render('errors/html/error_exception', [], true)
 5 APPPATH\Controllers\Fungsi.php(122): view('errors/html/error_exception')
 6 APPPATH\Controllers\Fungsi.php(987): App\Controllers\logs(Object(ErrorException), 0)
 7 SYSTEMPATH\CodeIgniter.php(896): App\Controllers\Fungsi->settingprofile()
 8 SYSTEMPATH\CodeIgniter.php(466): CodeIgniter\CodeIgniter->runController(Object(App\Controllers\Fungsi))
 9 SYSTEMPATH\CodeIgniter.php(349): CodeIgniter\CodeIgniter->handleRequest(null, Object(Config\Cache), false)
10 FCPATH\index.php(55): CodeIgniter\CodeIgniter->run()
11 SYSTEMPATH\Commands\Server\rewrite.php(43): require_once('FCPATH\\index.php')
CRITICAL - 2023-03-24 10:03:04 --> Undefined variable $title
in APPPATH\Views\errors\html\error_exception.php on line 8.
 1 APPPATH\Views\errors\html\error_exception.php(8): CodeIgniter\Debug\Exceptions->errorHandler(2, 'Undefined variable $title', 'APPPATH\\Views\\errors\\html\\error_exception.php', 8)
 2 SYSTEMPATH\View\View.php(213): include('APPPATH\\Views\\errors\\html\\error_exception.php')
 3 SYSTEMPATH\View\View.php(216): CodeIgniter\View\View->CodeIgniter\View\{closure}()
 4 SYSTEMPATH\Common.php(1135): CodeIgniter\View\View->render('errors/html/error_exception', [], true)
 5 APPPATH\Controllers\Fungsi.php(122): view('errors/html/error_exception')
 6 APPPATH\Controllers\Fungsi.php(987): App\Controllers\logs(Object(ErrorException), 0)
 7 SYSTEMPATH\CodeIgniter.php(896): App\Controllers\Fungsi->settingprofile()
 8 SYSTEMPATH\CodeIgniter.php(466): CodeIgniter\CodeIgniter->runController(Object(App\Controllers\Fungsi))
 9 SYSTEMPATH\CodeIgniter.php(349): CodeIgniter\CodeIgniter->handleRequest(null, Object(Config\Cache), false)
10 FCPATH\index.php(55): CodeIgniter\CodeIgniter->run()
11 SYSTEMPATH\Commands\Server\rewrite.php(43): require_once('FCPATH\\index.php')
CRITICAL - 2023-03-24 11:53:10 --> Undefined variable $title
in APPPATH\Views\errors\html\error_exception.php on line 8.
 1 APPPATH\Views\errors\html\error_exception.php(8): CodeIgniter\Debug\Exceptions->errorHandler(2, 'Undefined variable $title', 'APPPATH\\Views\\errors\\html\\error_exception.php', 8)
 2 SYSTEMPATH\View\View.php(213): include('APPPATH\\Views\\errors\\html\\error_exception.php')
 3 SYSTEMPATH\View\View.php(216): CodeIgniter\View\View->CodeIgniter\View\{closure}()
 4 SYSTEMPATH\Common.php(1135): CodeIgniter\View\View->render('errors/html/error_exception', [], true)
 5 APPPATH\Controllers\Fungsi.php(122): view('errors/html/error_exception')
 6 APPPATH\Controllers\Fungsi.php(987): App\Controllers\logs(Object(ErrorException), 0)
 7 SYSTEMPATH\CodeIgniter.php(896): App\Controllers\Fungsi->settingprofile()
 8 SYSTEMPATH\CodeIgniter.php(466): CodeIgniter\CodeIgniter->runController(Object(App\Controllers\Fungsi))
 9 SYSTEMPATH\CodeIgniter.php(349): CodeIgniter\CodeIgniter->handleRequest(null, Object(Config\Cache), false)
10 FCPATH\index.php(55): CodeIgniter\CodeIgniter->run()
11 SYSTEMPATH\Commands\Server\rewrite.php(43): require_once('FCPATH\\index.php')
